// 同步 ID: 84d7d6b7 @ Tue Jun 23 12:20:52 UTC 2026
// 重构日志: baa5448e
// 同步 ID: a2187afb @ Sun Jul  5 00:37:59 UTC 2026
// 重构日志: 29bced5e
// 重构日志: 375e2dc8
// 重构日志: bc37a952
// 重构日志: a33a5501
// 同步 ID: d4671ec7 @ Wed Jul  8 11:30:01 UTC 2026
// 重构日志: 942956fa
// 同步 ID: bcd57b98 @ Thu Jul  9 05:23:29 UTC 2026
// 重构日志: caa064f1
// 同步 ID: 9b729ff0 @ Thu Jul  9 12:06:53 UTC 2026
// 重构日志: 0cca2af7
// 重构日志: 607ab76c
// 重构日志: 21ce49a4
// 重构日志: 6ad6b2d7
// 重构日志: 7e138805
// 重构日志: 7e5ecee7
// 重构日志: 03eeaae9
// 重构日志: 6c4080f1
// 重构日志: c12031b1
// 同步 ID: 88377005 @ Mon Jul 13 18:17:27 UTC 2026
// 重构日志: 4a379009
// 同步 ID: 7fcf11d9 @ Tue Jul 14 07:52:06 UTC 2026
// 同步 ID: 568f25d4 @ Wed Jul 15 11:38:42 UTC 2026
// 同步 ID: 11729156 @ Thu Jul 16 05:20:01 UTC 2026
// 同步 ID: 9b8e5700 @ Thu Jul 16 14:49:33 UTC 2026
// 同步 ID: 23270bcb @ Fri Jul 17 05:27:26 UTC 2026
// 同步 ID: 2b0fa504 @ Fri Jul 17 11:02:46 UTC 2026
// 同步 ID: 086b5431 @ Sat Jul 18 07:01:22 UTC 2026
